<?xml version="1.0" encoding="utf-8"?><testsuites><testsuite name="pytest" errors="0" failures="0" skipped="10" tests="15" time="2.157" timestamp="2022-02-24T15:11:57.497769" hostname="OLI-OMEN"><testcase classname="bumpversion" name="FLAKE8" time="0.000"><skipped type="pytest.skip" message="file(s) previously passed FLAKE8 checks">/home/olivier/dev/kairntech/pyconverters_newsml/.tox/py38/lib/python3.8/site-packages/pytest_flake8.py:116: file(s) previously passed FLAKE8 checks</skipped></testcase><testcase classname="src.pyconverters_newsml.__init__" name="FLAKE8" time="0.029" /><testcase classname="src.pyconverters_newsml.newsml" name="FLAKE8" time="0.000"><skipped type="pytest.skip" message="file(s) previously passed FLAKE8 checks">/home/olivier/dev/kairntech/pyconverters_newsml/.tox/py38/lib/python3.8/site-packages/pytest_flake8.py:116: file(s) previously passed FLAKE8 checks</skipped></testcase><testcase classname="tests.test_newsml" name="FLAKE8" time="0.215" /><testcase classname="tests.test_newsml" name="test_newsml_text" time="0.718" /><testcase classname="tests.test_newsml" name="test_newsml_pics" time="0.007" /><testcase classname="tests.test_newsml" name="test_newsml_agenda" time="0.009" /><testcase classname="tests.test_newsml" name="test_parse_xml" time="0.000"><skipped type="pytest.skip" message="Not a test">/home/olivier/dev/kairntech/pyconverters_newsml/tests/test_newsml.py:224: Not a test</skipped></testcase><testcase classname="tests.test_newsml" name="test_parse_categories" time="0.000"><skipped type="pytest.skip" message="Not a test">/home/olivier/dev/kairntech/pyconverters_newsml/tests/test_newsml.py:295: Not a test</skipped></testcase><testcase classname="tests.test_newsml" name="test_consolidate_cats" time="0.000"><skipped type="pytest.skip" message="Not a test">/home/olivier/dev/kairntech/pyconverters_newsml/tests/test_newsml.py:385: Not a test</skipped></testcase><testcase classname="tests.test_newsml" name="test_downsampling_cats" time="0.000"><skipped type="pytest.skip" message="Not a test">/home/olivier/dev/kairntech/pyconverters_newsml/tests/test_newsml.py:426: Not a test</skipped></testcase><testcase classname="tests.test_newsml" name="test_downsampling_kw" time="0.000"><skipped type="pytest.skip" message="Not a test">/home/olivier/dev/kairntech/pyconverters_newsml/tests/test_newsml.py:445: Not a test</skipped></testcase><testcase classname="tests.test_newsml" name="test_compute_fingerprint" time="0.000"><skipped type="pytest.skip" message="Not a test">/home/olivier/dev/kairntech/pyconverters_newsml/tests/test_newsml.py:486: Not a test</skipped></testcase><testcase classname="tests.test_newsml" name="test_annotate_xml" time="0.000"><skipped type="pytest.skip" message="Not a test">/home/olivier/dev/kairntech/pyconverters_newsml/tests/test_newsml.py:639: Not a test</skipped></testcase><testcase classname="tests.test_newsml" name="test_compute_quality" time="0.000"><skipped type="pytest.skip" message="Not a test">/home/olivier/dev/kairntech/pyconverters_newsml/tests/test_newsml.py:719: Not a test</skipped></testcase></testsuite></testsuites>