<?xml version="1.0" encoding="utf-8"?><testsuites><testsuite name="pytest" errors="0" failures="0" skipped="0" tests="23" time="0.255" timestamp="2022-02-26T14:37:40.318764" hostname="ekadanta.anubandha.home"><testcase classname="test_common.TestMount" name="test_nonroot" time="0.002" /><testcase classname="test_common.TestMount" name="test_root" time="0.001" /><testcase classname="test_common.TestAccess" name="test_ancestor" time="0.001" /><testcase classname="test_common.TestAccess" name="test_exist" time="0.001" /><testcase classname="test_common.TestAccess" name="test_read" time="0.001" /><testcase classname="test_common.TestAccess" name="test_setbit" time="0.002" /><testcase classname="test_conf.TestConfig" name="test_conf" time="0.012" /><testcase classname="test_conf.TestConfig" name="test_order" time="0.005" /><testcase classname="test_conf.TestConfig" name="test_safe_w_trace" time="0.003" /><testcase classname="test_conf.TestConfig" name="test_safe_wo_ancestors" time="0.003" /><testcase classname="test_conf.TestRead" name="test_ancestors" time="0.013" /><testcase classname="test_conf.TestRead" name="test_wo_ancestors" time="0.003" /><testcase classname="test_conf.TestWrite" name="test_write" time="0.012" /><testcase classname="test_data.TestData" name="test_ancestors" time="0.002" /><testcase classname="test_data.TestData" name="test_custom" time="0.002" /><testcase classname="test_data.TestData" name="test_local" time="0.002" /><testcase classname="test_data.TestData" name="test_locations" time="0.006" /><testcase classname="test_data.TestData" name="test_safe_loc_w_trace" time="0.002" /><testcase classname="test_data.TestData" name="test_safe_wo_trace" time="0.002" /><testcase classname="test_data.TestBase" name="test_cache" time="0.001" /><testcase classname="test_data.TestBase" name="test_setter_Xdg" time="0.001" /><testcase classname="test_data.TestBase" name="test_state" time="0.001" /><testcase classname="test_data.TestErrors" name="test_xdg_nokey" time="0.001" /></testsuite></testsuites>