<?xml version="1.0" encoding="utf-8"?><testsuites><testsuite name="pytest" errors="0" failures="1" skipped="8" tests="15" time="2.444" timestamp="2022-02-24T15:09:43.538097" hostname="OLI-OMEN"><testcase classname="bumpversion" name="FLAKE8" time="0.041" /><testcase classname="src.pyconverters_newsml.__init__" name="FLAKE8" time="0.013" /><testcase classname="src.pyconverters_newsml.newsml" name="FLAKE8" time="0.070" /><testcase classname="tests.test_newsml" name="FLAKE8" time="0.246"><failure message="/home/olivier/dev/kairntech/pyconverters_newsml/tests/test_newsml.py:665:37: E126 continuation line over-indented for hanging indent&#10;/home/olivier/dev/kairntech/pyconverters_newsml/tests/test_newsml.py:716:1: E302 expected 2 blank lines, found 1&#10;">/home/olivier/dev/kairntech/pyconverters_newsml/tests/test_newsml.py:665:37: E126 continuation line over-indented for hanging indent
/home/olivier/dev/kairntech/pyconverters_newsml/tests/test_newsml.py:716:1: E302 expected 2 blank lines, found 1
</failure></testcase><testcase classname="tests.test_newsml" name="test_newsml_text" time="0.720" /><testcase classname="tests.test_newsml" name="test_newsml_pics" time="0.007" /><testcase classname="tests.test_newsml" name="test_newsml_agenda" time="0.010" /><testcase classname="tests.test_newsml" name="test_parse_xml" time="0.000"><skipped type="pytest.skip" message="Not a test">/home/olivier/dev/kairntech/pyconverters_newsml/tests/test_newsml.py:224: Not a test</skipped></testcase><testcase classname="tests.test_newsml" name="test_parse_categories" time="0.000"><skipped type="pytest.skip" message="Not a test">/home/olivier/dev/kairntech/pyconverters_newsml/tests/test_newsml.py:295: Not a test</skipped></testcase><testcase classname="tests.test_newsml" name="test_consolidate_cats" time="0.000"><skipped type="pytest.skip" message="Not a test">/home/olivier/dev/kairntech/pyconverters_newsml/tests/test_newsml.py:385: Not a test</skipped></testcase><testcase classname="tests.test_newsml" name="test_downsampling_cats" time="0.000"><skipped type="pytest.skip" message="Not a test">/home/olivier/dev/kairntech/pyconverters_newsml/tests/test_newsml.py:426: Not a test</skipped></testcase><testcase classname="tests.test_newsml" name="test_downsampling_kw" time="0.000"><skipped type="pytest.skip" message="Not a test">/home/olivier/dev/kairntech/pyconverters_newsml/tests/test_newsml.py:445: Not a test</skipped></testcase><testcase classname="tests.test_newsml" name="test_compute_fingerprint" time="0.000"><skipped type="pytest.skip" message="Not a test">/home/olivier/dev/kairntech/pyconverters_newsml/tests/test_newsml.py:486: Not a test</skipped></testcase><testcase classname="tests.test_newsml" name="test_annotate_xml" time="0.000"><skipped type="pytest.skip" message="Not a test">/home/olivier/dev/kairntech/pyconverters_newsml/tests/test_newsml.py:639: Not a test</skipped></testcase><testcase classname="tests.test_newsml" name="test_compute_quality" time="0.000"><skipped type="pytest.skip" message="Not a test">/home/olivier/dev/kairntech/pyconverters_newsml/tests/test_newsml.py:716: Not a test</skipped></testcase></testsuite></testsuites>