<?xml version="1.0" encoding="utf-8"?><testsuites><testsuite name="pytest" errors="1" failures="0" skipped="0" tests="1" time="0.140" timestamp="2021-11-25T14:56:22.307846" hostname="OLI-OMEN"><testcase classname="" name="tests.test_speech" time="0.000"><error message="collection failure">ImportError while importing test module '/home/olivier/dev/kairntech/pyconverters_speech/tests/test_speech.py'.
Hint: make sure your test modules/packages have valid Python names.
Traceback:
../../../.pyenv/versions/3.8.2/lib/python3.8/importlib/__init__.py:127: in import_module
    return _bootstrap._gcd_import(name[level:], package, level)
tests/test_speech.py:4: in &lt;module&gt;
    from pyconverters_speech.speech import SpeechConverter, SpeechParameters, TrfModel
.tox/py38/lib/python3.8/site-packages/pyconverters_speech/speech.py:7: in &lt;module&gt;
    import filetype as filetype
E   ModuleNotFoundError: No module named 'filetype'</error></testcase></testsuite></testsuites>