<?xml version="1.0" encoding="utf-8"?><testsuites><testsuite name="pytest" errors="0" failures="0" skipped="0" tests="6" time="4.644" timestamp="2022-02-08T13:50:42.982049" hostname="OLI-OMEN"><testcase classname="bumpversion" name="FLAKE8" time="0.116" /><testcase classname="src.pyconverters_pubmedfetcher.__init__" name="FLAKE8" time="0.073" /><testcase classname="src.pyconverters_pubmedfetcher.pubmedfetcher" name="FLAKE8" time="0.165" /><testcase classname="tests.test_pubmedfetcher" name="FLAKE8" time="0.092" /><testcase classname="tests.test_pubmedfetcher" name="test_pubmedfetcher_ids" time="2.973" /><testcase classname="tests.test_pubmedfetcher" name="test_pubmedfetcher_xml" time="0.309" /></testsuite></testsuites>